670 a
1 a--'
1 a--i'm
1 a-piece
2 abide
1 able!
92 about
1 about!'
6 about,
1 about,'
1 about.
1 about;
3 above
1 absence,
1 absurd
1 absurd,
1 accept
1 acceptance
1 accepted
1 accepted,
1 accepting
10 access
1 accessed,
1 accessible
1 accident
1 accident,
1 accidentally
2 accordance
1 account
1 accounting
1 accounts
1 accusation!'
1 accustomed
1 ache!'
5 across
1 act
2 active
1 actual,
1 actually
1 ada,'
20 added
3 added,
1 adding,
1 addition
4 additional
1 additions
1 address
2 addressed
1 addresses.
1 addressing
1 adjourn,
1 adoption
1 advance
1 advance!
2 advantage
1 advantage,'
9 adventures
1 adventures,
1 adventures--beginning
1 adventures.'
1 advice
1 advice,
1 advisable
1 advisable--"'
1 advise
1 affair,
1 affectionately
1 afford
1 afore
9 afraid
2 afraid,
1 afraid,'
40 after
1 after-time,
1 afterwards,
1 afterwards.'
13 again
1 again!
7 again!'
31 again,
1 again,'
1 again--"before
16 again.
2 again.'
1 again.)
4 again:
2 again:--
2 again;
2 again?'
10 against
2 age
2 age,
1 agent
1 ago
1 ago:
1 agony
11 agree
1 agreed
9 agreement
6 agreement,
3 agreement.
1 ah,
2 air
1 air!
5 air,
5 air.
1 air:
1 airs!
1 ak,
1 alarm
1 alarm.
1 alarmed
1 alas
3 alas!
221 alice
3 alice!
1 alice!'
16 alice's
1 alice's,
1 alice)--'and
76 alice,
2 alice,)
54 alice.
7 alice:
16 alice;
1 alive
1 alive!'
1 alive;
173 all
1 all!
1 all!'
3 all,
3 all,'
5 all.
2 all.'
2 all:
2 all;
2 all?'
3 allow
8 almost
3 alone
1 alone!'
1 alone.
5 along
1 along--'catch
1 aloud,
3 aloud.
1 aloud;
2 already
1 already,
3 also
1 also,
1 alteration,
1 altered.'
1 alternate
1 alternately
1 altogether
2 altogether,
1 altogether.
1 altogether;
12 always
13 am
1 am!
1 am,
12 among
60 an
1 ancient
833 and
19 and,
2 and--oh
1 anger
1 anger,
2 angrily
3 angrily,
3 angrily.
1 angrily:
3 angry
1 angry,
1 angry.
1 animal
1 animal's
3 animals
1 animals,
1 ann!
1 ann!'
2 ann,
1 annoy,
1 annoyed,'
21 another
1 another!
6 answer
1 answer,
1 answer.
1 answer?'
3 answered
1 answered,
1 answers.'
1 antipathies,
2 anxious
1 anxious.)
13 anxiously
1 anxiously.
71 any
1 any)
1 any,'
1 any.
4 anyone
1 anyone.
16 anything
1 anything,
1 anything.
2 anything;
3 anywhere
1 appealed
2 appear
1 appear,
1 appearance
3 appeared
3 appeared,
1 appeared.
1 appeared;
2 appearing
1 appears,
1 applause,
2 apples,
3 applicable
1 apply
1 approach
1 arch
2 archbishop
3 arches
1 arches.
13 archive
59 are
1 are!
1 are!'
2 are,
1 are,'
1 are;
1 argue.
1 argued
4 argument
1 arguments
1 arise
1 arithmetic--ambition,
7 arm
5 arm,
1 arm-chair
1 arm-in-arm
5 arms
1 arms,
2 around
1 around,
1 arranged;
1 array
1 arrived,
1 arrow.
258 as
3 as,
2 ascii"
2 ashamed
7 ask
1 ask!
1 ask.
1 ask.'
1 ask:
1 askance--
8 asked
1 asked,
8 asked.
3 asking
1 asking!
1 asking,
4 asleep
2 asleep,
1 asleep,'
1 asleep.
2 assembled
1 assistance
7 associated
1 associated)
220 at
1 at!"
1 ate
1 atheling
2 atom
1 attached
1 attempt
1 attempted
1 attempts
1 attended
2 attending
1 attending!'
1 attends
1 audibly.
1 australia?'
1 author:
2 authority
1 available
1 avoid
17 away
2 away!'
3 away,
1 away,'
1 away--you
3 away.
1 away:
1 awfully
1 axes,'
1 axis--'
1 b.
6 baby
3 baby,
1 baby--the
1 baby:
1 baby;
1 baby?'
29 back
2 back!'
4 back,
1 back-somersault
2 back.
1 backs
1 bad
1 bad,
1 bag,
1 baked
1 balanced
1 balls
2 bank,
1 bank--the
1 banks,
1 banquet--]
2 bark
1 barking
1 barley-sugar
2 barrowful
2 based
1 bat!
1 bat,
1 bat?'
1 bathing
1 bats
1 bats,
1 bats?
1 bats?'
1 bawled
157 be
1 be!'
1 be"--or
1 be,
3 be,'
1 be.'
2 be?'
1 beak--
1 bear:
1 bear?--mind
1 beast,
1 beasts
1 beasts,
4 beat
1 beating
1 beating.
4 beau--ootiful
1 beauti--ful
8 beautiful
3 beautiful,
2 beautifully
1 beautify
2 became
13 because
5 become
1 becoming.
1 bed!'
1 beds
1 bee,"
36 been
1 been,
1 been.
21 before
11 before,
3 before,'
2 before.
1 before.'
8 beg
47 began
6 began,
3 began.
1 began:
1 began:--
1 begged
7 begin
1 begin,
3 begin.'
1 begin?'
12 beginning
1 beginning!'
1 beginning,'
4 begins
6 begun
1 begun.'
2 beheaded!'
1 beheaded,
1 beheading
12 behind
1 behind?'
19 being
8 believe
1 believe.'
1 believed
1 belong
2 belongs
1 beloved
1 below
1 below!'
1 below,
3 below.
1 belt
1 bend
1 bend,
1 bent
1 besides
2 besides,
9 best
2 best,
1 best.
11 better
1 better';
1 better,'
1 better.'
6 between
2 bill
3 bill!
1 bill!'
3 bill's
4 bill,
2 bill,'
1 binary,
1 bird
1 bird,'
7 birds
1 birds!
1 birds,)
1 birthday
8 bit
1 bit!'
2 bit,
2 bit,'
2 bit.
1 bit.'
1 bite,'
1 bite.
1 bitter--and--and
1 blacking,
1 blades
1 blame
2 blasts
1 bleeds;
2 blew
2 blow
1 blown
1 blows
2 body
1 boldly:
1 bone
1 bones
3 book
2 book,
2 book,'
1 book-shelves;
1 books,
1 boon,
3 boots
1 bore
16 both
1 bother
7 bottle
2 bottle,
1 bottle.
4 bottom
1 bough
3 bound
3 bowed
1 bowed,
1 bowing
3 box
1 box--
1 boxed
2 boy,
1 boy--and
1 brain;
1 branch
1 branches
1 branches,
1 brass
1 brave
2 breach
2 bread-and-butter
2 bread-and-butter,
1 bread-and-butter--'
1 bread-and-butter.
1 bread-knife.'
1 break
1 break.
3 breath,
1 breath."
1 breathe
1 breathe"!'
1 breathe.'
1 breeze
7 bright
1 bright-eyed
2 brightened
2 bring
3 bringing
1 bristling
2 broke
5 broken
1 broken.
1 brother's
3 brought
1 brown
1 brown,
1 brush,
1 brushing
2 burn
1 burning
1 burnt,
1 burst
1 bursting
4 busily
3 business
2 business!'
1 business,
1 business,'
1 business?'
1 business@pglaf.org.
2 busy
121 but
8 but,
1 butter
1 butter,
1 butter,'
1 buttercup
1 buttered
1 butterfly,
1 buttons,
76 by
1 by--the
1 cackled
2 cake,
1 cake.
1 cakes
1 cakes,
1 cakes,'
1 calculate
1 calculated
5 call
15 called
1 calling
1 calmly,
38 came
2 came,
1 camomile
41 can
27 can't
1 can,'
1 can--'
1 can;--but
1 canary
2 candle
1 candle.
5 cannot
1 canterbury,
1 canvas
1 capering
4 capital
1 card
1 cardboard.)
1 cards!'
1 cards,
1 cards:
4 care
3 carefully,
2 cares
4 carried
1 carrier,'
4 carroll
2 carry
2 carrying
1 cart-horse,
1 cartwheels,
4 case
1 case,'
15 cat
1 cat!
2 cat's
7 cat,
2 cat,'
6 cat.
1 cat.)
2 cat:
1 cat;
3 catch
2 catching
11 caterpillar
1 caterpillar's
3 caterpillar,
12 caterpillar.
1 caterpillar;
9 cats
1 cats!'
1 cats.'
1 cats:
1 cats?'
1 cattle
1 caucus-race
1 caucus-race.'
1 caucus-race?'
3 caught
2 cauldron
3 cause
1 cause,
1 cause.
2 caused
2 cautiously
1 cautiously:
1 cease
1 ceiling,
1 centre
4 certain
1 certain!
8 certainly
3 certainly,'
2 certainly:
1 chains,
4 chance
1 chanced
9 change
2 change,
1 change.
1 change:
7 changed
1 changed,
2 changes
2 changing
12 chapter
1 character,
6 charge
1 charges
1 charges.
1 charitable
1 charities
1 chatte?'
1 cheap
1 cheated
2 check
3 checked
1 checks,
1 cheeks,
2 cheered,
1 cheered.
1 cheerfully
1 cherry-tart,
6 cheshire
2 chief
3 child
2 child!'
1 child,
1 child,'
1 child-life,
1 child:
1 child;
1 child?'
1 childhood:
5 children
3 children,
1 children.
1 children;
2 chimney
1 chimney!'
2 chimney,
1 chimney?--nay,
1 chimneys
4 chin
2 chin.
1 chin:
1 choice!'
1 choice,
1 choke
3 choked
1 choking
1 choose
1 choosing
2 chorus
1 chorus,
2 chorus.
1 chose
1 chose,'
1 christmas.'
1 chrysalis--you
1 chuckled.
1 circle,
1 circumstances.
1 city,
2 civil
1 civil,
1 claim
1 clamour
1 clapping
1 clasped
1 classics
1 claws
1 claws,
1 clean
2 clear
1 cleared
1 clearer
1 clearly
1 clearly,'
1 clever
1 clever?'
1 climb
1 clinging
1 clock
1 clock.
12 close
1 close,
2 closed
1 closely
1 closer
1 clubs;
1 coast
1 coaxing
1 coaxing.
1 codes
1 coils.'
1 cold
2 collected
3 collection
1 collection.
26 come
2 come,
1 come.
1 comes
1 comes,
1 comfits,
1 comfits:
1 comfort,
1 comfortable,
1 comfortably
5 coming
1 coming!'
2 coming.
1 commercial
1 committed
1 common
1 commotion
1 company
1 compilation
1 complained
1 complaining
1 completely.
4 compliance
1 compliance.
6 comply
3 complying
1 compressed,
2 computer
1 computers
1 computers.
2 concept
2 concerning
1 concert
1 concert!'
2 concluded
1 conclusion
1 conclusion,
1 condemn
1 conduct
1 confirmation
1 confirmed
3 confused
1 confused,
2 confusing
1 confusing.'
3 confusion
2 confusion,
1 conger-eel,
1 conqueror,
1 conqueror.'
1 conquest.
1 consented
1 consequential,
1 consider
2 considerable
3 considered
3 considering
3 constant
1 consultation
4 contact
2 contain
1 containing
1 contempt.
1 contemptuous
2 contemptuously.
1 content
7 continued
2 continued,
1 contract
1 contradicted
2 contributions
4 conversation
5 conversation.
1 conversation?'
1 conversations
1 convert
8 cook
2 cook,
3 cook.
2 cool
2 copied
7 copies
8 copy
4 copy,
2 copying
2 copying,
13 copyright
1 corner
2 corner,
1 corner--no,
1 corners:
1 corporation
1 corrupt
3 cost
1 cost,
2 costs
66 could
1 could!
7 could,
4 could.
9 couldn't
1 counting
1 countries
3 country
1 couple?'
1 couples:
1 courage
1 courage,
1 courage.
11 course
6 course,
5 course,'
1 course--"i
1 course.'
1 course;
1 course?'
5 court
1 court!
1 court!'
5 court,
1 court,"
3 court.
1 court.'
1 court;
1 courtiers,
1 courtiers;
1 coward!'
1 crab
2 crab,
1 crash
1 crash)--'now,
1 crash,
1 crashed
1 crawled
1 crawling
1 crazy!'
2 created
4 creating
1 creation
2 creature
2 creature,
6 creatures
1 creatures,
1 creatures,'
1 creatures.
1 credit
1 creep
1 crept
18 cried
2 cried.
1 cries
2 crimson
1 critical
1 crocodile
3 croquet
2 croquet-ground
1 croquet-ground.
2 croquet.'
1 croquet?'
1 croqueted
1 croqueting
1 cross,
2 cross-examine
3 crossed
1 crossly:
1 crouched
4 crowd
5 crowded
2 crown
1 crown.
1 crumbs
1 crumbs,'
1 crumbs.'
3 cry
2 crying
1 cucumber-frame,
1 cucumber-frames
1 cunning
1 cup
1 cup,'
2 cupboards
1 cur,
2 curiosity,
3 curiosity.
16 curious
1 curious!'
1 curious,
1 curious.'
1 curiouser!'
2 curled
1 curls
1 curly
1 currants.
1 current
1 curtain
1 curtsey
1 curtseying
1 curving
1 cushion,
1 cushion;
1 custard,
2 custody
5 cut
1 cutting,'
1 d,'
1 dainties
1 daisies,
1 daisy-chain
1 damage
1 damage.
1 damaged
2 damages
1 damages,
1 damages.
2 dance
1 dance,'
5 dance.
4 dance?
1 dance?"'
1 dancing
1 dancing.'
5 dare
1 daresay
3 dark
1 darkness
1 data,
2 date
2 date:
1 dates
1 daughter
11 day
1 day!
1 day!'
4 day,
1 day,'
1 day--'
1 day-school,
3 day.
1 day.'
1 day:
1 day;
6 days
1 days.
1 days.'
4 dead
11 deal
1 deal:
6 dear
9 dear!
1 dear!"
3 dear!'
6 dear,
1 dear,'
1 dear:
1 dear?'
1 dears
1 dears!
1 dears?
1 death."'
3 decided
1 decidedly
3 decidedly,
1 declare
1 declare,
1 declared
1 deductible
5 deep
2 deep,
1 deepest
1 deeply
2 deeply,
1 deeply.
3 defect
2 defective
1 defective,
1 delay
1 deletions
1 delight
2 delight,
2 delighted
2 delightful
1 demand
1 denial;
1 denied
1 denied,
1 denies
2 deny
1 denying
2 depends
1 derision.'
3 derivative
1 derive
1 derived
1 described
1 deserved
1 despair
1 desperate
1 desperately:
1 despite
2 destroy
1 detach
1 determine
1 diamonds,
50 did
1 did!'
3 did,
3 did,'
1 did.
1 did:
11 didn't
2 didn't!'
1 didn't,'
1 die.
1 died
5 different
2 different!'
1 different,
1 different,'
1 different.
2 difficult
1 difficulties,
3 difficulty
1 difficulty,
1 dig
3 digging
1 diligently
4 dinah
1 dinah!
1 dinah!'
1 dinah'll
3 dinah,
1 dinah:
1 dinn
1 dinn--'
1 dinner!'
1 dinner,
2 dipped
1 direct,
2 directed
2 direction
1 direction,
2 direction,'
1 directions
2 directions,
1 directly
1 directly,
1 directly.
1 director
1 disagree
1 disappeared.
1 disappeared;
1 disappointment
1 disclaim
3 disclaimer
1 disclaimers
1 discontinue
1 discover
1 discovered
1 disgust,
3 dish
1 dish?
1 dishes
1 dishes.
1 disk
1 dismay,
1 disobey,
1 display,
1 displayed,
2 displaying
2 displaying,
2 dispute
1 distance
4 distance,
1 distance--but
2 distance.
2 distant
1 distraction,
6 distribute
3 distributed
1 distributed:
6 distributing
1 distributing,
6 distribution
1 distributor
1 dive
68 do
3 do!'
7 do,
4 do,'
2 do.
1 do."
2 do.'
1 do:
1 do:--
1 do?'
1 dodged
9 dodo
3 dodo,
1 dodo.
5 does
1 does,
1 does.
1 does.'
16 doesn't
2 dog
1 dog's
1 dogs
1 dogs.'
1 dogs?'
3 doing
1 doing!'
1 doing?'
8 domain
53 don't
1 don't!'
1 donate
1 donate,
1 donate.
1 donation
14 donations
1 donations.
10 done
1 done,
2 done,'
1 done.
1 done.'
1 donors
15 door
9 door,
1 door--
1 door--i
2 door.
1 door:
1 door;
2 doors
1 doorway;
23 dormouse
1 dormouse!
1 dormouse!'
1 dormouse's
6 dormouse,
2 dormouse,'
3 dormouse.
1 dormouse:
2 dormouse;
3 doth
1 double
1 doubled-up
1 doubling
1 doubt
2 doubt,
1 doubt:
2 doubtful
1 doubtfully,
1 doubtfully:
78 down
2 down!
1 down!'
14 down,
3 down,'
1 down--here,
2 down.
1 down:
1 downloading,
1 downward!
1 downwards,
1 doze;
1 dozing
2 dr.
1 draggled
4 draw
1 draw,
1 draw,'
1 draw?'
1 drawing
1 drawling,
1 drawling--the
1 drawling-master
1 dreadful
1 dreadful,'
6 dreadfully
3 dream
1 dream!'
1 dream,
1 dream.
1 dream:--
1 dreamed
1 dreaming
1 dreamy
1 dressed,
5 drew
1 dried
1 driest
4 drink
1 drinking.
1 dripping
1 drive
1 drop
4 dropped
1 dropped,
1 dropping
1 drowned
2 drunk
7 dry
1 dry,
15 duchess
3 duchess!
3 duchess's
8 duchess,
1 duchess,'
3 duchess.
4 duchess:
4 duchess;
1 duchess?'
2 duck
1 duck.
1 duck:
2 dull
1 dull!'
1 dunce?
3 e--e--evening,
1 e-mail)
8 each
3 eager
3 eagerly
3 eagerly,
1 eagerly.
1 eagerly:
1 eaglet
1 eaglet,
1 eaglet.
2 ear
1 ear,
3 ear.
2 earls
1 earnestly,
1 earnestly.
4 ears
1 ears--'
1 earth
1 earth!
2 earth.
4 easily
2 easy
1 easy.
16 eat
1 eat"
1 eaten
1 eating
1 eats
7 ebook
1 ebook,
3 ebooks
2 ebooks,
2 ebooks.
1 edgar
3 edge
1 edition
1 edition.
5 editions
1 editions,
1 educational
1 educations--in
1 edwin
1 eel
1 eels,
1 effect
1 effect,
1 effect:
1 effort
1 effort,
2 efforts
1 efforts,
1 egg!'
1 eggs
3 eggs,
1 eggs,'
1 ein
7 either
1 either!'
2 either,
2 elbow
1 elbow.'
1 elbows
1 elect
27 electronic
1 electronically
1 electronically,
1 elegant
1 eleventh
8 else
1 else"--but,
1 else's
2 else.
1 elsie,
3 email
1 emphasis,
1 employee
2 employees
1 empty:
1 encourage
1 encouraged
2 encouraging
15 end
1 end!
1 end,
1 end,'
1 end.'
1 end:
1 ending
1 energetic
1 engaged
1 england
2 english
1 english!'
1 english);
1 english,
1 english,'
1 english.
1 engraved
1 enjoy
1 enormous
10 enough
1 enough!'
2 enough,
1 enough,'
1 enough--i
1 enough.'
2 enough;
1 ensuring
2 entangled
2 entirely
3 entity
1 entrance
1 equipment
2 equipment.
1 errors,
1 escape
1 escape!'
1 escape,
1 escape;
1 especially
1 esq.
1 est
21 even
2 evening,
17 ever
2 ever,'
1 ever:
1 ever;
12 every
6 everybody
10 everything
1 everything's
4 evidence
3 evidence,'
1 evidently
1 exact
6 exactly
1 examining
2 excellent
7 except
4 exclaimed
1 exclaimed,
1 exclaimed.
1 exclamation
1 exclusion
1 execute
2 executed
3 executed,
1 executed.'
1 executes
1 execution--once
1 execution.
1 execution.'
3 executioner
1 executioner's
1 executioner,
1 executioner:
2 executions
1 executive
2 exempt
1 existence;
1 exists
1 expected:
3 expecting
1 expend
1 expense
2 expenses,
1 experiment
1 experiment?'
8 explain
1 explained,'
1 explanation
2 explanation.
1 explanation;
1 exporting
1 express
1 expressing
1 expression
1 extent
2 extraordinary
1 extras?'
1 extremely
1 extremely--'
4 eye
1 eye,
2 eye;
1 eyelids,
18 eyes
5 eyes,
1 eyes--and
2 eyes.
1 eyes.--'tell
1 eyes:
1 eyes;
1 f3.
7 face
4 face,
1 face--and
3 face.
2 faces
2 faces,
1 faces.
1 facility:
2 fact
4 fact,
1 fact.
1 fact.'
1 fading
1 failure.
1 faint
1 fainting
1 faintly
1 fair
1 fairbanks,
1 fairly,'
1 fairy-tales,
6 fall
1 fall,
4 fallen
2 falling
1 familiarly
1 family
8 fan
1 fan!
1 fan,
2 fancied
3 fancy
2 fancy,
1 fancy--who's
1 fancying
1 fanned
1 fanning
9 far
1 far!"
1 far,
2 far,'
1 farm-yard--while
1 farmer,
1 farther
1 fashion,
1 fashion.'
4 fast
1 faster
1 faster,
1 faster?"
1 fat;
4 father
1 father,
1 father;
1 favoured
1 favourite
4 fear
1 feared
1 feather
1 feathers,
2 federal
8 fee
1 feeble
1 feeble,
1 feebly
8 feel
6 feeling
1 feeling!'
1 feelings
1 feelings.
2 fees
1 fees,
1 fees.
11 feet
1 feet!
1 feet!'
6 feet,
6 fell
1 fellow!
1 fellow!'
1 fellow?
1 fellow?'
1 fellows
23 felt
1 fender,
1 ferrets
1 ferrets!
5 fetch
10 few
1 fidgeted.
1 field
1 fifteen
1 fifth
1 fig?'
2 fight
1 fighting
1 figure
1 figure!'
1 figure,'
1 figures!'
2 file
2 files
3 filled
1 fills
1 financial
20 find
1 find?'
3 finding
1 finds
2 fine
3 finger
1 finger,
1 finger;
4 finish
1 finish,
7 finished
2 finished,
1 finished,'
1 finished.
1 finished.'
1 finishing
3 fire,
1 fire-irons
1 fireplace
30 first
1 first!'
11 first,
2 first,'
1 first--they
1 first--verdict
1 first.
1 first.'
2 first;
2 fish
1 fish)--and
1 fish,
2 fish-footman
1 fishes
1 fit
1 fit)
1 fit--"
1 fitness
1 fits,
1 fitted!
2 five
2 five!
3 five,
1 five.
2 fix
1 fixed
1 flame
2 flamingo
1 flamingo,
1 flamingo.
1 flamingo:
1 flamingoes,
1 flapper
1 flappers,
1 flashed
1 flat
1 flat,
1 flavour
1 flew
1 flinging
1 flock
2 floor,
1 floor:
1 flower-beds
1 flower-pot
2 flowers
1 flown
1 flung
1 flurry
1 flustered
1 fluttered
1 fly
1 fly,
1 fly;
1 flying
1 folded
2 folded,
1 folding
2 follow
1 follow,
8 followed
3 following
2 follows
1 follows:--
3 fond
1 fond--of--of
1 foolish
5 foot
1 foot!
3 foot,
1 foot.
7 footman
1 footman's
2 footman,
1 footman.
1 footmen,
1 footsteps
1 footsteps,
161 for
3 for,
1 for.'
1 for?"'
2 for?'
2 forehead
1 forepaws
2 forget
3 forgetting
2 forgot
6 forgotten
1 fork
2 form
1 form,
2 form.
4 format
2 formats
8 forth
1 fortunately
1 forty-two.
1 forwards
31 found
1 found:
14 foundation
1 foundation"
3 foundation's
5 foundation,
1 foundation.
1 foundation."
1 fountains,
1 fountains.
6 four
1 fourth.'
1 france--
7 free
1 free,
4 freely
3 french
2 friend
1 friend.
2 friends
1 fright
1 fright.
1 frighten
7 frightened
1 frog
1 frog-footman
1 frog;
46 from
1 from,'
1 from.
1 from:
1 from?'
2 front
1 frontispiece
3 frowning
1 frowning,
1 frying-pan
1 fulcrum
19 full
1 fumbled
1 fun
1 fun!'
1 fun?'
3 funny
2 fur
1 fur.
1 furious
1 furiously,
1 furrow
1 furrows;
2 further
1 further.
1 further:
1 fury,
1 fury:
3 future
1 gained
1 gallons
6 game
1 game's
3 game,
1 game,'
1 game.
1 game.'
1 games
4 garden
1 garden!'
5 garden,
1 garden--how
3 garden.
1 garden."'
1 garden:
4 gardeners
4 gardeners,
1 gather
15 gave
1 gay
1 gazing
1 gbnewby@pglaf.org
6 general
5 generally
2 generally,
1 generations
1 generations.
3 gently
1 geography.
43 get
1 get"
21 getting
1 getting!'
2 giddy.'
3 girl
1 girl,'
3 girls
13 give
2 given
2 giving
11 glad
1 glanced
1 glaring
4 glass
2 glass,
1 glass.
1 glass.)
1 glass;
1 globe
1 gloomily:
5 gloves
3 gloves,
1 gloves--that
1 gloves.
1 gloves:
39 go
1 go!
4 go,
2 go,'
1 go.
1 go?"
1 goals
7 goes
26 going
1 going,
7 golden
2 goldfish
9 gone
3 gone,
1 gone.
23 good
1 good,
1 good-bye,
1 good-natured,
1 good-naturedly
1 goose!
1 goose,
45 got
1 govern
1 graceful
1 grammar,
2 grand
1 grand,
1 grant
1 granted
2 grass
2 grass,
1 gratefully
3 grave
2 gravely,
1 gravely.
1 gravy,
1 grazed
39 great
3 green
1 green,
1 gregory
1 grew
1 grey
1 grief,
1 grin
3 grin,
1 grin,'
1 grin.'
2 grinned
1 grinned;
1 grinning
1 grins
1 gross
2 ground
1 ground,
1 ground--and
1 ground.'
1 group
13 grow
6 growing
4 growing,
1 growing.'
1 growl
2 growl,
1 growled
1 growling,'
1 growls
7 grown
1 grumbled:
1 grunt,'
3 grunted
1 grunted,
22 gryphon
14 gryphon,
15 gryphon.
3 gryphon:
1 gryphon;
1 guard
2 guess
1 guess,
3 guessed
2 guests
1 guests,
1 guilt,'
1 guinea-pig
1 guinea-pig,
1 guinea-pigs
1 guinea-pigs!'
2 guinea-pigs,
22 gutenberg
4 gutenberg"
1 gutenberg"),
2 gutenberg's
54 gutenberg-tm
1 gutenberg-tm's
1 gutenberg-tm,
1 gutenberg-tm.
1 gutenberg:
176 had
1 had!'
1 had,
7 hadn't
5 hair
1 hair!
1 hair."
21 half
2 half-past
1 hall
5 hall,
1 hall.
1 hall:
1 hall;
11 hand
6 hand,
1 hand,'
1 hand.
3 handed
6 hands
5 hands,
1 hands;
1 handsome
1 handwriting?'
3 hanging
5 happen
1 happen,
1 happen,'
1 happen:
3 happened
2 happened,
1 happened.
1 happened.)
1 happening.
2 happens
1 happens!'
1 happens.
1 happens;
1 happy
8 hard
12 hardly
16 hare
2 hare,
1 hare,)
11 hare.
1 hare:
1 harm
1 harmless
1 hart
1 hart,
9 has
2 hasn't
1 haste,
7 hastily
4 hastily,
4 hastily.
1 hastily;
1 hat,'
1 hatching
1 hate
1 hate--c
1 hated
24 hatter
1 hatter's
10 hatter,
13 hatter.
1 hatter.'
6 hatter:
1 hatter;
1 hatters
82 have
7 haven't
1 haven't,'
10 having
113 he
1 he'd
1 he'll
1 he's
1 he?'
29 head
1 head!
1 head!"'
7 head!'
1 head's
3 head,
1 head--
1 head--brandy
5 head.
1 head:
8 heads
1 heads!'
1 heads.
1 heap
15 hear
29 heard
1 heard!'
3 hearing
1 hearing.
2 heart
1 hearth
1 hearthrug,
1 hearts
5 hearts,
2 hearts.
2 heavy
1 hedge!'
1 hedge.
5 hedgehog
1 hedgehog,
1 hedgehog.
1 hedgehogs
1 hedgehogs,
1 hedgehogs;
1 hedges,'
1 heels
4 height
1 height.
4 held
11 help
1 help,
1 helped
1 helpless
208 her
18 her,
1 her,'
13 her.
5 her:
3 her;
19 here
2 here!
1 here!'
6 here,
5 here,'
2 here.
3 here.'
1 here;
2 here?
4 here?'
3 hers
1 hers--she
40 herself
31 herself,
8 herself.
4 herself;
1 hid
1 hide
4 high
1 high).
3 high,
2 high,'
3 high.
3 high:
1 highest
23 him
2 him!
1 him),
5 him,
2 him,'
1 him,)
1 him--how
1 him--it
2 him.
1 him.'
3 him:
1 him;
4 himself
1 himself,
1 himself:
1 hint
1 hint;
1 hippopotamus,
95 his
1 hiss
1 histories
1 history
4 history,
1 history,'
1 history.
2 hit
2 hoarse
1 hoarse,
1 hoarsely
7 hold
1 holder
1 holder),
1 holder,
1 holder.
2 holding
1 holding,
1 holiday?'
1 hollow
1 home
1 home!
1 home,'
1 home;
1 home?'
1 honest
2 honour!'
1 honour,
1 honour:
4 hookah
1 hookah,
4 hope
1 hoped)
1 hopeful
1 hopeless
3 hoping
4 hot
1 hot,
1 hot-tempered,'
2 hour
3 hours
1 hours,
8 house
1 house!'
9 house,
1 housemaid,'
1 houses,
50 how
20 however,
1 howled
3 howling
1 http://gutenberg.org/license).
2 http://pglaf.org
1 http://pglaf.org/donate
1 http://pglaf.org/fundraising.
1 http://www.gutenberg.org
1 http://www.gutenberg.org/1/11/
1 http://www.pglaf.org.
1 humble
1 humbly:
1 humbly;
1 hundred
1 hundreds
1 hung
2 hungry
1 hungry,
3 hunting
11 hurried
2 hurriedly
4 hurry
1 hurry,
3 hurry.
1 hurry:
2 hurry;
1 hurrying
2 hurt
1 hurt,
2 hush!'
1 hypertext
260 i
2 i!'
7 i'd
24 i'll
37 i'm
20 i've
1 i,
1 i,'
1 i--'
1 i.
1 i?
14 idea
1 idea,'
1 identification
1 identify,
1 idiotic!'
91 if
1 if--if
1 ignorant
1 ii.
1 iii.
2 ill.'
2 imagine
1 imitated
3 immediate
3 immediately
1 immense
1 impatient
2 impatiently,
2 impatiently:
1 impatiently;
1 impertinent,'
1 implied
1 implied,
4 important
1 important,'
1 imposed
2 impossible
1 impossible.
1 improve
412 in
1 in.
1 in.'
2 in:
3 in?'
1 inaccurate
1 incessantly
6 inches
1 incidental
1 inclined
1 include
2 included
1 included.
1 includes
8 including
1 incomplete,
1 increasing
3 indeed
6 indeed!'
2 indeed,
2 indeed,'
1 indeed.
1 indeed:
1 indeed:--
1 indemnify
1 indemnity
1 indicate
1 indicating
1 indignant
1 indignantly,
3 indignantly.
1 indirect,
1 indirectly
4 individual
6 information
1 information:
1 infringement,
1 injure
1 ink,
1 inkstand
1 inquired
1 inquisitively,
2 inside,
1 insolence
3 instance,
3 instantly
2 instantly,
2 instead
1 instead!'
1 insult
2 intellectual
1 interest
3 interesting
1 interesting,
1 interesting.
1 internal
1 international
1 interpreted
1 interrupt
5 interrupted
2 interrupted,
1 interrupted.
1 interrupted:
2 interrupting
67 into
2 introduce
1 introduced
1 invalidity
1 invent
1 invented
2 invitation
1 invited
1 invited,'
1 involved
1 inwards,
1 irritated
1 irs.
97 is
1 is!
3 is!'
16 is,
2 is,'
1 is--"be
1 is--"birds
1 is--"oh,
1 is--"take
1 is--"the
1 is--'
1 is--oh
3 is.'
1 is?'
6 isn't
1 isn't,'
374 it
1 it!
7 it!'
1 it!--that
7 it'll
31 it's
2 it),
41 it,
19 it,'
1 it,)
1 it--'
1 it--once
16 it.
9 it.'
2 it.)
9 it:
9 it;
11 it?'
1 it?)
63 its
8 itself
4 itself,
1 itself,)
1 itself.
1 iv.
1 ix.
1 jack-in-the-box,
2 jar
1 jaw,
1 jaws
1 jaws!'
1 jelly-fish
1 jogged
9 join
2 joined
1 joined):--
1 journey,
1 joys,
3 judge,
1 judge,'
1 judging
5 jumped
1 jumped;
4 jumping
1 june
1 juror
3 jurors
1 jurors.'
9 jury
4 jury,
1 jury,"
1 jury--'
1 jury-box
2 jury-box,
1 jury-box,'
2 jury.
2 jurymen
2 jurymen.
48 just
1 justice
10 keep
1 keep,
4 keeping
13 kept
1 kettle
5 key
3 key,
1 key;
2 kick
1 kick,
5 kid
1 kill
1 killing
1 kills
6 kind
1 kind,
1 kind,'
1 kindly
1 kindly,
28 king
2 king's
15 king,
1 king,'
12 king.
2 king:
3 king;
1 kings
1 kiss
1 kissed
2 kitchen
1 kitchen,
1 kitchen.
7 knave
1 knave,
1 knave.
1 knee
3 knee,
1 knee.
1 kneel
1 knelt
12 knew
1 knew)
1 knew,
1 knife
1 knife,
1 knock,
1 knocked.
1 knocking,
2 knocking,'
1 knot!'
1 knot,
47 know
2 know!'
7 know,
8 know,'
4 know--'
1 know--and
1 know--no
8 know.
9 know.'
2 know?'
2 knowing
1 knowledge
1 knowledge,
1 knowledge.
1 known
2 knows
1 knuckles.
1 label
1 label,
1 labelled
1 lacie,
1 lad!--here,
1 ladder?--why,
2 lady
1 lady,'
2 laid
1 lake
1 lamps
1 land
1 language:
1 languid,
2 lap
32 large
1 large,
3 larger
3 larger,
1 larger:
1 largest
1 lark,
26 last
1 last!'
5 last,
1 last:
1 lasted
1 lasted.)
1 lastly,
3 late
1 late!'
1 late,
1 late.'
1 lately,
1 later.
1 latin
2 latitude
1 laugh;
1 laughed
1 laughed,
1 laughing
1 laughing:
1 laughter.
1 law
1 law,
1 law.
1 law:
7 laws
1 laws.
4 lay
1 lazily
1 lazy
1 leaders,
1 leading
2 leaning
1 leant
1 leap
5 learn
2 learn!
1 learn?'
1 learned
2 learning
2 learnt
7 least
1 least,
1 least--at
7 leave
2 leaves
2 leaves,
1 leaves.
1 leaves:
1 leaving
4 led
1 ledge
13 left
1 left,
2 lefthand
2 legal
1 legally
3 legs
1 length
3 less
1 less,'
1 lessen
1 lesson
1 lesson-book.
1 lesson-books!'
4 lessons
1 lessons!'
1 lessons,
2 lessons,'
1 lessons:
1 lessons?'
1 lest
13 let
3 let's
1 letter
3 letter,
1 letters.
4 lewis
1 liability
2 liability,
1 liable
1 library
11 license
2 license,
2 license.
1 licensed
1 licking
2 lie
2 lieu
2 life
1 life!
2 life!'
2 life,
3 life.
1 life.'
1 life;
1 lifted
75 like
1 like!'
1 like"!'
2 like,
3 like,'
1 like.'
1 like:
1 like?'
3 liked
2 liked,
1 liked.'
4 likely
1 likes.'
1 limbs
3 limitation
5 limited
1 line
1 line:
1 lines!'
2 linked
3 links
1 lips.
2 list
1 list,
4 listen
1 listen,
2 listen.
1 listened,
1 listeners
2 listening,
1 listening:
1 lit
13 literary
120 little
1 little!
1 little!'
3 little,
1 little,'
1 little--"'
1 little.
7 live
1 live.
3 lived
1 livery
1 livery,
1 livery:
1 lives
1 lives.
1 living
2 lizard
1 lizard's
1 lizard)
2 lizard,
5 lobster
1 lobster--'
1 lobster;
3 lobsters
1 lobsters!'
3 lobsters,
4 located
1 locations
1 locations.
1 lock,
1 locked;
1 locks
1 locks,
1 lodging
1 london
2 lonely
31 long
1 long,
1 long;
2 longed
2 longer
1 longer!'
2 longitude
25 look
1 look!
1 look-out
45 looked
30 looking
1 looking-glass.
2 loose
3 lory
3 lory,
1 lory.
1 lose
1 losing
1 lost
1 lost,
1 lost:
1 lot
3 loud
2 loud,
1 loud.
1 louder
2 loudly
1 loudly.
1 love).
2 love,
1 loveliest
2 lovely
1 loving
7 low
6 low,
1 low-spirited.
1 low.
1 lower,'
1 lowing
1 luckily
1 lullaby
8 lying
1 m,
2 m--'
1 m?'
1 ma
1 ma!'
1 ma'am,
1 mabel
1 mabel!
2 mabel,
1 machine
1 machines
6 mad
1 mad,
1 mad--at
2 mad.
3 mad.'
2 mad?'
29 made
1 made.
1 magic
1 magpie
1 main
1 maintaining
2 majesty
2 majesty!'
7 majesty,'
1 majesty?'
29 make
12 makes
8 making
1 mallets
1 man
2 man,
1 man,'
1 man.'
6 manage
1 manage?'
3 managed
1 managed?
1 managing
1 manner
1 manner,
1 manners
14 many
1 maps
31 march
2 march,
1 march--just
1 march.'
1 marched
2 mark
1 mark;
7 marked
1 marked,
1 marmalade',
3 mary
2 master
1 master,
8 matter
1 matter,'
2 matters
1 maximum
27 may
1 maybe,'
1 mayn't
46 me
3 me!
2 me'
4 me,
8 me,'
2 me.'
1 me?
2 me?'
1 meal,
7 mean
1 mean,
2 mean,'
7 meaning
1 meaning.
5 means
1 means,
1 means--to--make--anything--prettier.'
1 means.'
4 meant
1 meant,'
1 meanwhile
1 measure
1 meat,
3 medium
2 medium,
1 meekly
1 meekly:
3 meet
1 meeting
1 melan
6 melancholy
1 memorandum
1 memory,
3 mentioned
1 merchantibility
2 mercia
2 merely
1 merrily
2 messages
4 met
1 method
1 methods
3 mice
1 mice--oh,
2 michael
3 middle
3 middle,
1 middle-aged
1 middle.
27 might
1 might,
2 mile
3 miles
1 milk
1 milk-jug
1 millennium
5 mind
1 mind!'
2 mind,
1 mind,'
1 mind.'
1 minded
1 minding
3 mine
1 mine,
2 mine,'
1 mine--a
1 mine.'
1 mineral,
15 minute
1 minute!'
4 minute,
1 minute.
7 minutes
2 minutes,
2 minutes.
1 mischief,
2 miserable
1 miss
2 miss,
2 missed
4 mission
1 mississippi
2 mistake
1 mistake;
2 mixed
56 mock
1 moderate.
1 modern,
1 modification,
1 modified
21 moment
1 moment!'
2 moment's
5 moment,
1 moment.
1 moment:
3 money
1 month
1 month,
1 moon,
6 moral
1 moral,
1 morals
2 morcar,
40 more
1 more!'
4 more,
1 more--as
1 more.
1 more.'
1 more:
1 more;
1 morning
2 morning,
1 morning,'
1 morning?
1 morsel
11 most
1 mostly
1 mostly,'
1 mournful
1 mournfully.
20 mouse
1 mouse!'
1 mouse!')
1 mouse's
11 mouse,
1 mouse--a
1 mouse--o
1 mouse--of
1 mouse--to
1 mouse-traps,
2 mouse.
1 mouse:
1 mouse?
7 mouth
2 mouth,
1 mouth;
1 mouths
1 mouths--and
1 mouths.
1 mouths;
2 move
1 move.
4 moved
1 moved.
3 moving
41 much
2 much!'
2 much,
5 much,'
1 much.
1 muchness"--did
1 muchness--you
1 muchness?'
1 muddle
1 multiplication
1 murder
1 murdering
1 muscular
4 mushroom
3 mushroom,
1 mushroom,'
1 music,
2 music.'
51 must
2 must,
1 must,'
2 mustard
1 mustard-mine
2 muttered
3 muttering
56 my
2 myself
2 myself,
2 myself,'
1 myself.'
1 mystery,'
9 name
1 name,
1 name:
1 named
1 names
1 names,'
1 narrow
1 narrow,
1 nasty,
3 natural
1 natural);
14 near
1 near.
4 nearer
1 nearer,
12 nearly
1 neat
2 neatly
1 necessarily
6 neck
1 neck,
1 need,
3 needn't
1 needs
1 negligence,
1 neighbour
1 neighbouring
2 neither
4 nervous
1 nervous,
1 nest.
1 network
40 never
1 never!
1 never!'
1 never')
1 never-ending
1 nevertheless
8 new
1 newby
1 newsletter
1 newspapers,
22 next
2 next!
1 next!'
2 next,
3 next.
2 nibbled
3 nibbling
5 nice
1 nice,
2 nicely
1 night
1 night!
1 night-air
1 night?
1 nile
4 nine
77 no
2 no!
1 no!'
4 no,
4 nobody
2 nobody,
1 nodded.
3 noise
1 noises,
1 non
3 none
1 none,
1 nonproprietary
1 nonsense
2 nonsense!'
1 nonsense,'
1 nonsense.
1 nonsense.'
2 nor
1 normans--"
1 north
1 northumbria,
1 northumbria--"'
1 nose
1 nose';
3 nose,
1 nose--
1 nose.
1 nose;
129 not
2 not!'
1 not';
10 not,
6 not,'
2 not.
2 not.'
1 not?'
1 note-book
1 note-book,
22 nothing
2 nothing,
3 nothing.
1 nothing.'
1 nothing:
1 nothing;
8 notice
7 noticed
1 noticed,
1 noticing
1 notifies
3 notion
25 now
1 now!
3 now!'
7 now,
4 now,'
1 now--but
1 now--don't
1 now.
4 now.'
1 now?
2 now?'
2 nowhere
8 number
1 numerous
1 nurse
1 nurse!
1 nurse--and
3 nursing
1 o
3 o'clock
3 obliged
1 oblong
1 obsolete,
1 obstacle
3 obtain
2 obtaining
1 occasional
1 occasionally;
1 occur:
2 occurred
1 odd
610 of
3 of?'
40 off
1 off).
14 off,
1 off,'
1 off--'
5 off.
1 off.'
1 off;
1 off?'
1 offend
7 offended
1 offended!'
1 offended,
1 offended.
2 offer
1 offers
2 office
1 officer
3 officers
1 officers:
3 official
4 often
2 often,
6 oh
3 oh!
6 oh,
1 ointment--one
14 old
4 old,
3 old,'
2 older
1 oldest
152 on
1 on!"
6 on!'
28 on,
8 on.
2 on.'
2 on:
1 on;
1 on?
2 on?'
19 once
5 once,
2 once.
2 once.'
1 once:
1 once;
81 one
1 one!
1 one's
7 one,
4 one,'
1 one--but
1 one--the
1 one.'
2 one;
1 one?'
1 ones
1 oneself
1 onions.'
4 online
46 only
1 only,
6 open
1 open,
9 opened
1 opened,
3 opening
1 opinion,'
1 opportunities
9 opportunity
1 opposite
143 or
2 order
1 order,'
2 ordered
1 ordered';
1 ordered.
2 ordering
1 organized
1 original
1 originator
2 ornamented
40 other
5 other,
1 other--bill!
2 other.
1 other.'
3 other:
2 other;
4 others
1 others!'
3 others.
2 otherwise
1 otherwise,
1 otherwise."'
13 ought
1 ought!
12 our
1 ours
1 ourselves,
98 out
13 out,
3 out-of-the-way
2 out.
1 out."
1 outdated
3 outside
1 outside,
1 outside,'
1 outside.
1 outside.'
31 over
3 over!'
1 over)
2 over,
2 over.
1 over;
1 overcome
1 overhead;
1 owed
2 owl
1 owl,
9 own
1 own.
3 owner
2 owner,
2 owns
1 oyster!'
1 pace,'
4 pack
1 pack,
2 page
1 pages
6 paid
1 paint
2 painting
5 pair
1 pairs
2 pale
2 pale,
1 panted
3 panther
2 panting,
4 paper
1 paper.
1 paperwork
11 paragraph
3 paragraphs
2 parchment
4 pardon!'
1 pardon,
1 pardon,'
1 pardoned.'
1 paris
1 paris,
5 part
1 part.'
3 particular
1 particular--here,
1 particular.
1 particular;
1 particularly
1 partner!'
1 partners--'
1 parts
8 party
1 party.
1 pass
1 passage
2 passage,
1 passage:
4 passed
1 passed;
1 passing
2 passion,
1 passion.
1 passionate
1 past
1 pat!
1 pat,
1 patience
1 patiently
1 patiently.
1 patriotic
1 patted
3 pattering
1 pattern
1 pause.
1 pause:
1 paused
1 paw
2 paw,
2 paws
1 paws!
1 paws.
1 pay
2 paying
3 payments
2 pebbles
3 peeped
1 peeping
1 peering
1 pegs.
1 pence.
1 pencil
1 pencils
2 pennyworth
13 people
1 people!
1 people,'
1 people.
6 pepper
1 pepper-box
4 perfectly
1 perform,
1 performances
1 performed,
3 performing,
12 perhaps
1 perhaps,'
1 perhaps?'
1 periodic
1 permanent
6 permission
1 permission.
3 permitted
1 persisted
1 persisted.
6 person
1 person!'
1 person,
2 personal
1 persons
1 pet:
1 pg
1 pglaf),
4 phrase
2 physical
3 picked
2 picking
1 picture.)
1 pictured
4 pictures
1 pie
1 pie--'
1 pie-crust,
5 piece
2 pieces
1 pieces.
1 pig
1 pig!'
4 pig,
2 pig,'
1 pig-baby
6 pigeon
2 pigeon,
2 pigeon.
2 pigeon;
1 pigs
1 pigs,
2 pinch
2 pinched
1 pine-apple,
1 pink
1 piteous
1 pitied
1 pity
1 pity!"?'
1 pity.
7 place
2 place,
1 placed
1 places!'
1 places--all,'
1 plainly
1 plan
1 plan!'
1 plan,
1 plan.'
1 planning
2 plate
1 plate.
1 plates
1 plates,
8 play
1 played
2 players
2 players,
2 playing
3 pleaded
1 pleasant
1 pleasanter
12 please
1 please!
4 please,
1 please:
5 pleased
1 pleased,
1 pleased.
1 pleases!'
1 pleasing
2 pleasure
2 plenty
1 pocket
1 pocket)
2 pocket,
1 pocket?'
1 pointed
3 pointing
1 poker
1 poky
1 politely
3 politely,
1 politely:
1 politely;
7 pool
2 pool,
1 pool--she
1 pool?
26 poor
1 pop
1 pope,
1 porpoise
1 porpoise,
1 porpoise.'
1 porpoise?"'
2 position
1 positively
1 possessed
1 possession.
1 possibility
1 possible
3 possibly
5 posted
1 posting
1 pounds!
1 pour
1 poured
1 powdered
1 practically
1 practice
1 pray
1 pray,
1 precious
1 prepare
1 prepare)
1 present
1 present!'
1 present--at
1 presented
2 presently
2 presents
1 preserve
3 pressed
1 pressing
1 pretend
1 pretending
1 pretexts
1 pretty
2 prevent
1 previous
1 principal
1 print
3 printed
1 prison,'
1 prisoner
1 prisoner's
1 prize
1 prizes!'
1 prizes.
1 prizes.'
1 prizes?'
1 problem.
1 proceed,'
1 proceed.
1 processing
2 procession
2 procession,
1 procession,'
1 processions;
1 produce
2 produced
1 producing
1 production,
1 professor
1 profit
1 profits
1 prohibition
82 project
2 prominently
1 promise.
1 promised
1 promising,
2 promoting
1 promotion
1 pronounced
1 proofread
3 proper
2 property
1 proposal.
1 proprietary
1 prosecute
2 protect
1 protection.
2 proud
1 prove
2 proved
2 proves
6 provide
1 provide,
4 provided
4 providing
1 provision
1 provisions.
1 provoking
9 public
1 puffed
1 pulled
1 pulling
1 pun!'
1 punching
1 punished
1 punitive
5 puppy
1 puppy's
1 puppy;
1 purple.
1 purpose
1 purpose.
1 purring
1 purring,
1 push
1 puss,'
31 put
3 putting
1 puzzle!'
5 puzzled
1 puzzled,
2 puzzled.
1 puzzled.)
4 puzzling
2 quadrille
1 quadrille,
1 quadrille?'
1 quarrel
1 quarrelled
2 quarrelling
35 queen
1 queen!
1 queen!'
7 queen's
17 queen,
1 queen,'
11 queen.
1 queen:
1 queen?'
1 queens,
9 queer
1 queer,
1 queer-looking
1 queer-shaped
1 queerest
7 question
4 question,
1 question,'
3 question.
1 question;
1 question?'
2 questions
1 questions,
1 questions.--how
1 quick
1 quick,
1 quicker.
2 quickly
2 quiet
4 quietly
1 quietly,
55 quite
1 quiver
30 rabbit
1 rabbit!
1 rabbit'
3 rabbit's
1 rabbit's--'pat!
8 rabbit,
3 rabbit-hole
1 rabbit-hole--and
1 rabbit.
1 rabbit:
1 rabbit;
1 rabbits.
2 race
1 race-course,
1 railway
1 railway,'
2 raised
1 raising
13 ran
1 ran,
1 ran.
1 ran;
1 rapidly:
1 rapidly;
1 rapped
1 rat-hole:
4 rate
1 rate!
2 rate,
1 rate,'
1 rate:
25 rather
1 rats
1 rattle
2 rattling
1 raven
1 ravens
2 raving
1 raw.'
2 re-use
4 reach
2 reaching
11 read
1 read,
1 read:--
2 readable
1 readily:
3 reading
1 reading,
7 ready
1 ready?
3 real
1 reality--the
9 really
1 really?'
1 rearing
8 reason
1 reason,
2 reasonable
1 reasons.
2 receipt
3 receive
6 received
1 receiving
1 recognised
2 recovered
1 red
1 red-hot
1 red.
1 redistribute
2 redistributing
1 redistribution
1 redistribution.
1 reduced
1 reeds--the
2 references
1 refreshments!'
7 refund
1 refund"
2 refund.
1 refused
2 registered
2 regular
1 regulating
1 release
2 relief.
1 relieved
2 remain
3 remained
2 remaining
3 remark
4 remark,
3 remark.
2 remarkable
1 remarked
2 remarked,
5 remarked.
1 remarked:
1 remarked;
2 remarking
1 remarking,
1 remarks
1 remarks,
1 remarks,'
1 remedies
1 remedies--'
12 remember
2 remember,'
5 remembered
1 remembering
1 reminding
1 remove
1 removed
1 removed!'
1 removed,'
1 removed.
1 renamed.
6 repeat
8 repeated
2 repeated,
3 repeating
1 replace
5 replacement
14 replied
5 replied,
5 replied.
2 replied:
3 replied;
1 reply
1 reply,
3 reply.
1 reported
1 reports,
1 representations
1 request,
1 require
1 required
2 requirements
1 requirements,
1 requirements.
1 research
1 research.
1 resource,
1 respect.
1 respectable
1 respectful
9 rest
1 rest,
2 resting
2 restrictions
1 result
1 retire
3 return
2 returned
1 returning,
1 returns.
1 revenue
1 rich
1 riddle
1 riddles
1 riddles.--i
1 ridge
1 ridges
1 ridiculous
24 right
1 right!'
3 right,
3 right,'
1 right-hand
1 right;
1 right?'
1 righthand
1 rightly
2 ring,
1 ringlets
1 ringlets,
1 riper
1 rippling
1 rise
1 rises
1 rising
1 roared
1 roast
1 rock,
1 rome,
1 rome--no,
5 roof
1 roof.
8 room
1 room!
2 room!'
1 room,
1 room.
1 roots
1 rope--will
1 rose
1 rose-tree
2 rose-tree,
1 roses
1 roses.
1 roses?'
1 rosetree;
1 roughly
30 round
1 round!"'
7 round,
3 round.
2 row
2 royal
1 royalties
1 royalties.
3 royalty
1 rubbed
2 rubbing
1 rude,
1 rude.'
1 rudeness
2 rule
1 rule,
1 rule:
4 rules
1 rules,
1 rumbling
4 run
8 running
2 rush
1 rushed
1 rustled
1 rustling
2 s.
1 s/he
2 sad
1 sad?'
2 sadly
2 sadly.
1 sadly:--
2 safe
1 sage,
421 said
26 said,
1 said,'
1 said,)
3 said--'
4 said.
3 said:
2 said;
1 salmon,
3 salt
22 same
2 same,
1 sand
1 sands
2 sang
17 sat
1 saucepan
1 saucepans,
1 saucer
3 savage
1 savage!'
1 save
1 saves
13 saw
1 saw.
35 say
1 say!'
5 say,
4 say,'
1 say--that's
1 say.
2 say.'
1 say.)
1 say?'
11 saying
3 saying,
1 saying.'
4 says
1 scale!
1 scaly
1 scattered
4 school
1 school,'
1 schoolroom,
1 scolded
1 scrambling
1 scratching
1 scream
1 scream,
4 screamed
1 screaming
1 scroll
1 scroll,
2 sea
1 sea!"
1 sea!'
3 sea,
1 sea,'
1 sea--'
1 sea-shore--'
3 sea.
1 sea.'
1 seaography:
2 search
1 seaside
1 seated
6 second
2 secondly,
1 secret,
7 section
1 sections
1 secure
51 see
1 see!'
1 see"!'
11 see,
1 see,'
1 see--how
1 see.'
3 see:
1 seeing
7 seem
1 seem,
27 seemed
4 seems
1 seems,'
12 seen
1 seen,
1 seen--everything
1 seen:
1 seldom
1 sell
1 sell,'
2 send
3 sending
1 sends
1 sensation
1 sensation,
1 sense
2 sense,
3 sent
6 sentence
1 sentence,
1 sentenced
1 series
1 seriously,
2 serpent!'
2 serpent,
1 serpent.
1 serpent;
1 serpent?'
2 serpents
1 serpents!
1 service.
22 set
1 setting
1 settle
3 settled
1 settling
4 seven
1 seven.
5 several
3 severely
1 severely.
1 severity;
1 sh!'
1 shade:
1 shake
1 shakespeare,
3 shaking
24 shall
1 shall!'
4 shan't
1 shan't!
1 shape
2 shaped
2 share
2 shared
2 sharing
1 shark,
1 sharks
6 sharp
1 sharply
1 sharply,
1 sharply.
1 sharply;
518 she
1 she'd
3 she'll
4 she's
5 she,
1 she,'
1 shedding
1 sheep-bells,
1 shelves
1 shepherd
1 shifting
1 shilling
1 shillings
1 shingle--will
1 shining
1 shiny?'
1 shiver.
1 shock
5 shoes
1 shoes!'
1 shoes.'
9 shook
2 shore,
1 shore.
4 short
1 shorter,
1 shorter.'
29 should
3 shoulder
1 shoulder,
2 shoulders
1 shoulders,
1 shoulders.
5 shouldn't
9 shouted
2 shouting
3 show
2 shower
2 showing
3 shriek
2 shriek,
1 shrieked
1 shrieks,
3 shrill
2 shrill,
1 shrimp
1 shrink
4 shrinking
4 shut
1 shut.
2 shutting
1 shyly,
12 side
3 side,
2 side.
4 sides
1 sigh,
1 sigh.
2 sigh:
5 sighed
2 sighing
1 sighing.
2 sight
4 sight,
1 sight.
2 sight:
1 sight;
1 sign
2 signed
1 signifies
1 signify:
4 silence
2 silence,
5 silence.
1 silence:
3 silent
2 silent,
2 silent.
5 simple
1 simpleton.'
2 simply
1 simply--"never
4 since
4 sing
1 sing,'
1 sing?'
1 singers
1 singers.
2 singing
1 sink
1 sir'
4 sir,
1 sir,'
1 sir--'
5 sister
1 sister's
2 sister,
1 sister;
1 sisters,'
1 sisters--they
6 sit
4 site
1 sits
10 sitting
2 six
1 sixpence.
6 size
1 size,
1 size,'
3 size:
1 size;
1 size?
1 sizes
1 skimming
1 skirt,
1 skurried
1 sky
1 sky!
1 sky-rocket!'
2 sky.
1 slate
1 slate--oh,
1 slate-pencil,
1 slate.
1 slates
1 slates'll
4 slates,
1 slates.
1 slates;
4 sleep
1 sleep"
1 sleep,
3 sleepy
1 sleepy,
1 sleepy;
1 slightest
2 slipped
1 slipped,
1 slippery;
6 slowly
2 slowly,
1 sluggard,"'
10 small
1 small,
1 small.
3 smaller,
2 smallest
1 smile.
1 smile:
2 smiled
2 smiling
1 smoke
2 smoking
1 snail
1 snail,
1 snail.
1 snappishly.
2 snatch
1 sneeze
1 sneeze,
1 sneezed
1 sneezes:
1 sneezes;
4 sneezing
1 sneezing,
1 sneezing.
1 snorting
1 snout
127 so
7 so,
5 so,'
1 so--and
2 so.
1 so.'
1 sob,
1 sobbed
2 sobbing
1 sobbing,'
2 sobs
1 sobs,
1 sobs.
1 soft
1 softly
1 soldier
8 soldiers
2 soldiers,
3 solemn
2 solemnly
1 solemnly,
1 solemnly.
2 solicit
1 solicitation
1 solid
51 some
4 somebody
1 somebody,
1 somebody.'
1 somehow
1 someone
1 somersault
15 something
1 something!'
1 something,
1 something;
4 sometimes
1 sometimes,
1 somewhere
1 somewhere,'
1 somewhere.'
1 son,
1 song
4 song,
1 song.
1 song?'
2 soo--oop
4 soo--oop!
24 soon
1 soon.
2 sooner
1 soothing
1 sorrow,
1 sorrow?'
2 sorrowful
1 sorrows,
1 sorry
17 sort
1 sort!'
1 sort,'
1 sort.
3 sorts
3 sound
1 sound.]
5 sounded
3 sounds
5 soup
4 soup!
3 soup!'
2 soup,
1 soup,"
1 soup.
2 soup?
1 sour--and
1 spades,
8 speak
2 speak,
1 speak--and
1 speak.
1 speak?'
1 speaker,'
2 speaking
3 speaking,
1 special
1 specific
2 specified
1 spectacles
1 spectacles,
1 spectacles.
1 speech
1 speech,
1 speech.
1 speed
1 spell
1 spite
1 splash!
1 splashed
2 splashing
1 splendidly
4 spoke
5 spoke,
1 spoke--fancy
6 spoke.
1 spoke;
1 spoken
1 spoon
1 spoon:
1 spot.'
1 sprawling
4 spread
1 spreading
1 squeaked.
2 squeaking
1 squeeze
1 squeezed
1 staff.
1 stairs!
1 stairs!'
1 stairs.
1 stalk
2 stamping
4 stand
1 stand,
1 standing
1 star-fish,'
3 staring
2 start
1 start:
2 started
2 startled
6 state
1 state's
1 statements
8 states
2 states,
4 states.
1 station.)
4 status
4 stay
1 stay!'
1 stays
1 steady
1 steam-engine
1 sternly.
4 stick,
1 sticks
1 stiff.
1 stigand,
13 still
1 stingy
2 stirring
1 stockings
2 stole
7 stood
1 stool
1 stoop
1 stoop?
4 stop
1 stop.
1 stop.'
3 stopped
1 stopping
1 stored,
3 story
2 story!'
1 story,'
1 story.
1 story.'
2 straight
1 straightened
1 straightening
4 strange
1 strange,
1 strength,
2 stretched
1 stretching
1 stretching,
1 strict
1 strings:
2 struck
1 stuff
1 stuff,'
1 stuff?
1 stupid
1 stupid),
1 stupid?'
1 stupidest
1 stupidly
1 subdued
3 subject
1 subject!
1 subject,'
2 subject.
1 subjects
1 submitted
1 subscribe
3 succeeded
46 such
5 sudden
10 suddenly
1 suddenly,
2 suddenly:
1 suet;
1 sugar
3 suit
2 sulkily
2 sulky
1 sulky,
2 summer
1 sun,
1 sun.
1 supple
3 support
1 support.
8 suppose
1 suppose,
1 suppose.'
2 suppose?'
1 suppress
3 suppressed
1 suppressed.
16 sure
1 sure!
2 sure,
1 sure;
1 surprise
2 surprise,
2 surprise.
6 surprised
1 surprised,
1 survive
1 swallow
1 swallowed
1 swallowing
5 swam
1 swamp
1 sweet-tempered.
1 swim
1 swim,
1 swim--"
1 swim.
2 swimming
1 synonymous
1 t!'
8 table
5 table,
1 table,'
3 table.
1 table:
3 tail
3 tail,
2 tail.
1 tail;
3 tails
19 take
4 taken
3 takes
5 taking
2 tale
1 tale!'
1 tale,
10 talk
1 talk!'
1 talk,'
1 talk.
1 talk:
12 talking
1 talking!'
2 talking.
1 talking:
1 taller
1 taller,
3 tarts
3 tarts,
1 tarts?
2 taste
2 tasted
1 tasted--'
1 tastes!
4 taught
6 tax
1 taxes.
5 tea
1 tea,
3 tea,'
1 tea--'
1 tea--not
2 tea-party
1 tea-things
1 tea-time,
1 tea-time.
1 tea-tray
1 tea.
1 tea;
1 teaching
3 teacup
2 teacups
1 teapot.
5 tears
1 tears!
3 tears,
2 tears.
1 teases.'
1 teeth,
1 telescope
1 telescope!
1 telescope.'
1 telescopes:
29 tell
2 telling
2 tells
1 temper
1 temper!'
1 temper,
1 temper,'
1 temper.
5 ten
22 terms
1 terribly
1 terrier,
1 terror.
25 than
1 thank
1 thanked
237 that
2 that!
8 that!'
1 that'll
17 that's
5 that,
9 that,'
1 that--only
1 that.
3 that.'
3 that:
1 that;
6 that?'
1 that?--it
1 thatched
1777 the
1 the--'
51 their
1 theirs,
49 them
5 them!'
21 them,
3 them,'
1 them--'
1 them--'i
1 them--all
2 them--and
2 them.
2 them.'
1 them:
2 themselves
1 themselves."'
59 then
2 then!'
1 then!--bill's
6 then,
6 then,'
1 then--always
1 then--i
1 then--she
2 then.'
1 then;
1 then?
1 then?'
66 there
16 there's
1 there,
2 there,'
2 there.
1 therefore
16 these
1 these?'
120 they
3 they'd
4 they'll
10 they're
1 they've
1 thick
1 thimble';
2 thimble,
1 thimble,'
1 thin--and
35 thing
6 thing!'
4 thing,
3 thing,'
1 thing.
21 things
1 things!
4 things!'
2 things,
1 things--'
1 things--everything
1 things--i
1 things?'
38 think
1 think!
1 think!'
2 think,
3 think,'
3 think--'
1 think.'
1 think:
1 think;
2 think?'
10 thinking
1 thirteen,
1 thirty
150 this
1 this!'
1 this),
17 this,
1 this,'
1 this.
2 this:
2 this:--
2 this;
1 this?'
1 thistle
1 thistle,
2 thoroughly
11 those
7 though
1 though),
1 though,
1 though.
63 thought
1 thought),
6 thought,
2 thought.
1 thought:
1 thought;
1 thoughtfully
2 thoughtfully.
1 thoughtfully:
2 thoughts
2 thousand
23 three
1 three,
2 three-legged
1 three.'
2 threw
1 throat!'
1 throat,'
1 throne
15 through
1 through,'
1 throughout
3 throw
2 throwing
1 thrown
2 thump!
1 thunder,
1 thunderstorm.
1 thus,
1 tide
1 tidy
1 tie
1 tied
1 tight
19 till
1 tillie;
47 time
2 time!
1 time!'
1 time).
7 time,
5 time,'
2 time.
1 time.'
1 time.)
1 time?'
6 times
3 timid
2 timidly
4 timidly,
1 timidly.
1 timidly:
1 timidly;
1 tinkling
4 tiny
1 tipped
2 tiptoe,
7 tired
1 title:
1 tittered
782 to
7 to,
1 to,'
1 to--'
1 to--to
1 to-day!
1 to-day.'
1 to-day?'
1 to-night,
1 to.'
1 to?
3 to?'
1 toast,)
1 today.
1 toes
1 toes.'
1 toes?'
1 toffee,
2 together
1 together!'
1 together,
2 together.
1 together."'
1 together.'
1 together:
6 told
1 tomorrow--'
8 tone
16 tone,
9 tone.
5 tone:
2 tone;
2 tones
1 tongue
2 tongue!'
1 tongue,
21 too
1 too,
1 too,'
1 too.'
1 too:
24 took
8 top
1 tops
1 tortoise
1 tortoise,
1 tortoise--'
1 toss
3 tossing
1 touch
1 tougher
1 towards
1 toys
4 trademark
3 trademark,
3 trademark.
1 trampled
1 transcribe
1 transcription
2 treacle
1 treacle,'
1 treacle-well--eh,
1 treacle-well.'
2 treading
1 treat.
1 treated
1 treatment
3 tree
2 tree.
5 trees
2 trees,
1 tremble.
2 trembled
6 trembling
1 tremulous
4 trial
3 trial's
1 trial,
1 trial.'
1 trial:
1 trials,
1 trickling
1 tricks
18 tried
1 tried.
1 trims
1 triumphantly,
1 triumphantly.
1 trot
2 trotting
4 trouble
1 trouble!'
1 trouble,
1 true):
1 true,'
1 true--"
1 true.)
1 trumpet
2 trumpet,
1 trusts
1 truth:
1 truthful
12 try
11 trying
1 trying,
1 trying--'
1 trying.'
3 tucked
1 tulip-roots
1 tumbled
2 tumbling
1 tunnel
1 tureen!
1 turkey,
7 turn
1 turn-up
1 turn;
16 turned
12 turning
1 turns
2 turns,
33 turtle
2 turtle's
8 turtle,
1 turtle--we
9 turtle.
1 turtle.'
3 turtle:
1 turtle;
1 turtles
1 turtles,
1 tut,
1 twelfth?'
2 twelve
1 twelve,
1 twelve?
1 twentieth
1 twenty
1 twenty-four
1 twice
3 twice,
1 twice--'
4 twinkle,
1 twinkle--"'
1 twinkle--'
1 twinkled
3 twinkling
1 twinkling!
2 twist
22 two
1 two!'
10 two,
1 two--"
2 two.
1 two:
1 types
3 u.s.
1 ugh,
1 uglification,
1 uglify
1 uglifying!'
1 ugly
1 ugly;
1 unable
1 uncivil.
1 uncomfortable
1 uncomfortable,
2 uncomfortable.
1 uncomfortably
1 uncommon
1 uncommonly
1 uncorked
22 under
1 underneath
5 understand
1 understand,
1 understand.
1 understood
1 undertone
1 undertone,
1 undo
1 undoing
1 uneasily
1 uneasily,
1 uneasy:
1 unenforceability
2 unfolded
3 unfortunate
1 unhappy
1 unhappy.
1 uniform
10 united
1 unjust
5 unless
1 unlink
1 unlocking
2 unpleasant
2 unrolled
1 unsolicited
4 until
1 untwist
1 unusually
1 unwillingly
83 up
1 up!'
10 up,
2 up,'
2 up.'
1 up:
1 updated
28 upon
1 upright
2 upset
1 upset,
1 upsetting
1 upstairs,
10 us
1 us!"'
2 us,
1 us,'
1 us.
27 use
2 use,
15 used
1 used--and
2 useful,
2 user
1 user,
6 using
1 usual
1 usual,
1 usual,'
2 usual.
2 usually
1 usurpation
1 ut
1 v.
1 vague
2 vanilla
3 vanished
1 vanished.
1 vanishing
1 variations.
1 variety
2 various
1 vegetable.
1 velvet
3 venture
4 ventured
3 verdict,'
1 verse
2 verse,'
1 verse.'
3 verses
1 verses.'
1 version
140 very
1 vi.
1 viewed,
1 viewing,
1 vii.
1 viii.
1 vinegar
1 violates
1 violence
2 violent
2 violently
2 violently,
1 virus,
2 visit
1 visit:
18 voice
15 voice,
1 voice--the
10 voice.
1 voice:
1 voice:--
2 voice;
2 voices
1 voices--'hold
1 void
1 volunteer
6 volunteers
1 vote
1 vulgar
1 wag
1 wags
1 waist,'
2 waistcoat-pocket,
1 wait,
9 waited
2 waited.
8 waiting
1 waiting!'
4 walk
1 walk!"
10 walked
5 walking
1 walks
1 walrus
1 wander
2 wandered
1 wandering
1 wandering,
9 want
4 wanted
2 wants
1 warning,'
3 warranties
1 warranty
1 warranty,
334 was
1 was!
1 was!'
1 was)
14 was,
3 was,'
1 was.'
2 was:
2 wash
1 washing
1 washing--extra."'
1 washing?'
11 wasn't
1 waste
2 wasting
6 watch
1 watch!'
1 watch,'
2 watched
3 watching
2 water
1 water,
1 water-well,'
1 water.
1 waters
5 waving
39 way
1 way!
7 way,
1 way--'
1 way--never
3 way.
1 way:--
1 way?
1 way?',
2 ways
25 we
1 we're
2 we've
2 weak
1 wearily.
6 web
2 week
1 week:
1 weeks!'
1 welcome
27 well
1 well!
1 well,
2 well,'
1 well--'
2 well.
2 well?'
79 went
2 went,
2 went.
1 wept
82 were
1 were',
1 were,'
1 were.
1 weren't
1 west,
1 wet
1 wet,
92 what
2 what's
2 what?
5 what?'
1 whatever
1 whatever,'
1 whatever?'
2 whatsoever.
74 when
1 whenever
13 where
1 where--'
1 where.'
1 whereupon
2 wherever
11 whether
47 which
1 which),
1 which?'
21 while
4 while,
1 whiles.'
1 whiskers!
1 whiskers!'
1 whiskers,
1 whisper
1 whisper,
1 whisper.)
4 whispered
1 whispered,
1 whispers
1 whistle
1 whistling.
28 white
1 white,
1 white;
3 whiting
1 whiting!'
2 whiting,'
1 whiting.
1 whiting?'
57 who
13 whole
2 whom
2 whose
7 why
9 why,
1 why.
2 wide
1 wide,
1 wider.
2 widest
1 wife;
1 wig,
1 wig.'
2 wild
2 wildly
37 will
3 william
1 william's
1 william,"'
2 william,'
1 win,
2 wind,
1 window!'
5 window,
1 window.'
1 window?'
2 wine,'
1 wings.
2 wink
1 winter
2 wise
22 wish
216 with
1 with,
2 with,'
1 with.
1 with.'
1 with;
1 with?'
5 within
1 within--a
32 without
1 without--maybe
4 witness
2 witness!'
1 witness,'
1 witness.
2 witness.'
1 wits!'
1 woke
1 woman--but
1 woman;
21 won't
1 won't!'
1 won't'
1 won't,
1 won,
1 won?'
15 wonder
3 wonder?'
1 wondered
2 wonderful
7 wondering
5 wonderland
3 wonderland,
2 wood
1 wood,
1 wood,'
1 wood--(she
3 wood.
1 wooden
8 word
1 word)
2 word,
14 words
1 words,
1 words,'
1 words.'
2 words:
2 words:--
1 wore
40 work
8 work,
5 work.
22 works
1 works!'
5 works,
5 works.
6 world
1 world!
1 worm.
1 worried.
1 worry
2 worse
1 worse.
4 worth
76 would
1 would,
1 would,'
12 wouldn't
2 wow!
2 wow!'
1 wrapping
2 wretched
1 wriggling
5 write
1 writhing,
7 writing
1 writing-desk?'
1 writing-desks,
9 written
2 wrong
1 wrong!'
2 wrong,
3 wrote
2 www.gutenberg.org
1 x.
1 xi.
1 xii
1 yards
2 yawned
1 yawning
1 yawning.
1 ye;
2 year
2 years,
1 yelled
1 yelp
4 yer
2 yesterday
1 yesterday,
9 yet
1 yet!'
3 yet,
5 yet,'
1 yet--and
1 yet--it's
1 yet--oh!
2 yet.'
2 yet?'
332 you
2 you!
3 you!'
1 you!)
8 you'd
4 you'll
17 you're
5 you've
26 you,
1 you,"'
6 you,'
1 you--all
1 you--are
1 you.
1 you.'
1 you.--come,
1 you:
2 you?
9 you?'
5 young
69 your
1 yours
1 yours."'
1 yours:
5 yourself
1 yourself!'
1 yourself,
1 yourself,'
2 yourself.'
3 youth,
3 youth,'
1 zealand
1 zigzag,
